<?xml version="1.0" encoding="UTF-8"?>
<!-- Generated by org.testng.reporters.JUnitXMLReporter -->
<testsuite ignored="0" hostname="Gvenkatesh" failures="0" tests="3" name="Test" time="51.39" errors="0" timestamp="2023-05-26T16:30:52 IST">
  <testcase classname="testScripts.AddToCartTest" name="addToCartTest" time="3.402"/>
  <testcase classname="testScripts.SendContactDetailsTest" name="sendContactDetailsTest" time="8.448"/>
  <testcase classname="testScripts.AddTestingCourseToMyCartTest" name="addpythonToMyCart" time="7.753"/>
</testsuite> <!-- Test -->
