<?xml version="1.0" encoding="UTF-8"?>
<testng-results ignored="0" total="3" passed="2" failed="1" skipped="0">
  <reporter-output>
  </reporter-output>
  <suite started-at="2023-05-26T17:14:50 IST" name="Suite" finished-at="2023-05-26T17:15:18 IST" duration-ms="27763">
    <groups>
    </groups>
    <test started-at="2023-05-26T17:14:50 IST" name="Test" finished-at="2023-05-26T17:15:18 IST" duration-ms="27763">
      <class name="testScripts.SendContactDetailsTest">
        <test-method is-config="true" signature="classConfig()[pri:0, instance:testScripts.SendContactDetailsTest@4229bb3f]" started-at="2023-05-26T17:14:59 IST" name="classConfig" finished-at="2023-05-26T17:14:59 IST" duration-ms="64" status="PASS">
          <reporter-output>
          </reporter-output>
        </test-method> <!-- classConfig -->
        <test-method is-config="true" signature="methodConfig()[pri:0, instance:testScripts.SendContactDetailsTest@4229bb3f]" started-at="2023-05-26T17:14:59 IST" name="methodConfig" finished-at="2023-05-26T17:15:01 IST" duration-ms="2255" status="PASS">
          <reporter-output>
          </reporter-output>
        </test-method> <!-- methodConfig -->
        <test-method signature="sendContactDetailsTest()[pri:0, instance:testScripts.SendContactDetailsTest@4229bb3f]" started-at="2023-05-26T17:15:01 IST" name="sendContactDetailsTest" finished-at="2023-05-26T17:15:10 IST" duration-ms="9354" status="FAIL">
          <exception class="org.openqa.selenium.ElementClickInterceptedException">
            <message>
              <![CDATA[element click intercepted: Element <button class="btn btn-sm btn-primary" type="submit">...</button> is not clickable at point (879, 363). Other element would receive the click: <p class="m-t-sm">...</p>
  (Session info: chrome=113.0.5672.127)
Build info: version: '3.141.59', revision: 'e82be7d358', time: '2018-11-14T08:17:03'
System info: host: 'GVENKATESH', ip: '192.168.29.19', os.name: 'Windows 11', os.arch: 'amd64', os.version: '10.0', java.version: '17.0.6'
Driver info: org.openqa.selenium.chrome.ChromeDriver
Capabilities {acceptInsecureCerts: false, browserName: chrome, browserVersion: 113.0.5672.127, chrome: {chromedriverVersion: 113.0.5672.63 (0e1a4471d5ae..., userDataDir: C:\Users\venky\AppData\Loca...}, goog:chromeOptions: {debuggerAddress: localhost:58226}, javascriptEnabled: true, networkConnectionEnabled: false, pageLoadStrategy: normal, platform: WINDOWS, platformName: WINDOWS, proxy: Proxy(), setWindowRect: true, strictFileInteractability: false, timeouts: {implicit: 0, pageLoad: 300000, script: 30000}, unhandledPromptBehavior: dismiss and notify, webauthn:extension:credBlob: true, webauthn:extension:largeBlob: true, webauthn:extension:minPinLength: true, webauthn:extension:prf: true, webauthn:virtualAuthenticators: true}
Session ID: 3c4ea68bf652328b4283b0f8446eed94]]>
            </message>
            <full-stacktrace>
              <![CDATA[org.openqa.selenium.ElementClickInterceptedException: element click intercepted: Element <button class="btn btn-sm btn-primary" type="submit">...</button> is not clickable at point (879, 363). Other element would receive the click: <p class="m-t-sm">...</p>
  (Session info: chrome=113.0.5672.127)
Build info: version: '3.141.59', revision: 'e82be7d358', time: '2018-11-14T08:17:03'
System info: host: 'GVENKATESH', ip: '192.168.29.19', os.name: 'Windows 11', os.arch: 'amd64', os.version: '10.0', java.version: '17.0.6'
Driver info: org.openqa.selenium.chrome.ChromeDriver
Capabilities {acceptInsecureCerts: false, browserName: chrome, browserVersion: 113.0.5672.127, chrome: {chromedriverVersion: 113.0.5672.63 (0e1a4471d5ae..., userDataDir: C:\Users\venky\AppData\Loca...}, goog:chromeOptions: {debuggerAddress: localhost:58226}, javascriptEnabled: true, networkConnectionEnabled: false, pageLoadStrategy: normal, platform: WINDOWS, platformName: WINDOWS, proxy: Proxy(), setWindowRect: true, strictFileInteractability: false, timeouts: {implicit: 0, pageLoad: 300000, script: 30000}, unhandledPromptBehavior: dismiss and notify, webauthn:extension:credBlob: true, webauthn:extension:largeBlob: true, webauthn:extension:minPinLength: true, webauthn:extension:prf: true, webauthn:virtualAuthenticators: true}
Session ID: 3c4ea68bf652328b4283b0f8446eed94
at java.base/jdk.internal.reflect.NativeConstructorAccessorImpl.newInstance0(Native Method)
at java.base/jdk.internal.reflect.NativeConstructorAccessorImpl.newInstance(NativeConstructorAccessorImpl.java:77)
at java.base/jdk.internal.reflect.DelegatingConstructorAccessorImpl.newInstance(DelegatingConstructorAccessorImpl.java:45)
at java.base/java.lang.reflect.Constructor.newInstanceWithCaller(Constructor.java:499)
at java.base/java.lang.reflect.Constructor.newInstance(Constructor.java:480)
at org.openqa.selenium.remote.http.W3CHttpResponseCodec.createException(W3CHttpResponseCodec.java:187)
at org.openqa.selenium.remote.http.W3CHttpResponseCodec.decode(W3CHttpResponseCodec.java:122)
at org.openqa.selenium.remote.http.W3CHttpResponseCodec.decode(W3CHttpResponseCodec.java:49)
at org.openqa.selenium.remote.HttpCommandExecutor.execute(HttpCommandExecutor.java:158)
at org.openqa.selenium.remote.service.DriverCommandExecutor.execute(DriverCommandExecutor.java:83)
at org.openqa.selenium.remote.RemoteWebDriver.execute(RemoteWebDriver.java:552)
at org.openqa.selenium.remote.RemoteWebElement.execute(RemoteWebElement.java:285)
at org.openqa.selenium.remote.RemoteWebElement.click(RemoteWebElement.java:84)
at java.base/jdk.internal.reflect.NativeMethodAccessorImpl.invoke0(Native Method)
at java.base/jdk.internal.reflect.NativeMethodAccessorImpl.invoke(NativeMethodAccessorImpl.java:77)
at java.base/jdk.internal.reflect.DelegatingMethodAccessorImpl.invoke(DelegatingMethodAccessorImpl.java:43)
at java.base/java.lang.reflect.Method.invoke(Method.java:568)
at org.openqa.selenium.support.pagefactory.internal.LocatingElementHandler.invoke(LocatingElementHandler.java:51)
at jdk.proxy2/jdk.proxy2.$Proxy14.click(Unknown Source)
at pomClasses.ContactUsPage.sendDetails(ContactUsPage.java:64)
at testScripts.SendContactDetailsTest.sendContactDetailsTest(SendContactDetailsTest.java:30)
at java.base/jdk.internal.reflect.NativeMethodAccessorImpl.invoke0(Native Method)
at java.base/jdk.internal.reflect.NativeMethodAccessorImpl.invoke(NativeMethodAccessorImpl.java:77)
at java.base/jdk.internal.reflect.DelegatingMethodAccessorImpl.invoke(DelegatingMethodAccessorImpl.java:43)
at java.base/java.lang.reflect.Method.invoke(Method.java:568)
at org.testng.internal.MethodInvocationHelper.invokeMethod(MethodInvocationHelper.java:133)
at org.testng.internal.TestInvoker.invokeMethod(TestInvoker.java:598)
at org.testng.internal.TestInvoker.invokeTestMethod(TestInvoker.java:173)
at org.testng.internal.MethodRunner.runInSequence(MethodRunner.java:46)
at org.testng.internal.TestInvoker$MethodInvocationAgent.invoke(TestInvoker.java:824)
at org.testng.internal.TestInvoker.invokeTestMethods(TestInvoker.java:146)
at org.testng.internal.TestMethodWorker.invokeTestMethods(TestMethodWorker.java:146)
at org.testng.internal.TestMethodWorker.run(TestMethodWorker.java:128)
at java.base/java.util.ArrayList.forEach(ArrayList.java:1511)
at org.testng.TestRunner.privateRun(TestRunner.java:794)
at org.testng.TestRunner.run(TestRunner.java:596)
at org.testng.SuiteRunner.runTest(SuiteRunner.java:377)
at org.testng.SuiteRunner.runSequentially(SuiteRunner.java:371)
at org.testng.SuiteRunner.privateRun(SuiteRunner.java:332)
at org.testng.SuiteRunner.run(SuiteRunner.java:276)
at org.testng.SuiteRunnerWorker.runSuite(SuiteRunnerWorker.java:53)
at org.testng.SuiteRunnerWorker.run(SuiteRunnerWorker.java:96)
at org.testng.TestNG.runSuitesSequentially(TestNG.java:1212)
at org.testng.TestNG.runSuitesLocally(TestNG.java:1134)
at org.testng.TestNG.runSuites(TestNG.java:1063)
at org.testng.TestNG.run(TestNG.java:1031)
at org.testng.remote.AbstractRemoteTestNG.run(AbstractRemoteTestNG.java:115)
at org.testng.remote.RemoteTestNG.initAndRun(RemoteTestNG.java:251)
at org.testng.remote.RemoteTestNG.main(RemoteTestNG.java:77)
]]>
            </full-stacktrace>
          </exception> <!-- org.openqa.selenium.ElementClickInterceptedException -->
          <reporter-output>
          </reporter-output>
        </test-method> <!-- sendContactDetailsTest -->
        <test-method is-config="true" signature="methodTearDown()[pri:0, instance:testScripts.SendContactDetailsTest@4229bb3f]" started-at="2023-05-26T17:15:10 IST" name="methodTearDown" finished-at="2023-05-26T17:15:11 IST" duration-ms="151" status="PASS">
          <reporter-output>
          </reporter-output>
        </test-method> <!-- methodTearDown -->
        <test-method is-config="true" signature="classTearDown()[pri:0, instance:testScripts.SendContactDetailsTest@4229bb3f]" started-at="2023-05-26T17:15:11 IST" name="classTearDown" finished-at="2023-05-26T17:15:11 IST" duration-ms="0" status="PASS">
          <reporter-output>
          </reporter-output>
        </test-method> <!-- classTearDown -->
      </class> <!-- testScripts.SendContactDetailsTest -->
      <class name="testScripts.AddToCartTest">
        <test-method is-config="true" signature="classConfig()[pri:0, instance:testScripts.AddToCartTest@4d0f2471]" started-at="2023-05-26T17:14:50 IST" name="classConfig" finished-at="2023-05-26T17:14:51 IST" duration-ms="496" status="PASS">
          <reporter-output>
          </reporter-output>
        </test-method> <!-- classConfig -->
        <test-method is-config="true" signature="methodConfig()[pri:0, instance:testScripts.AddToCartTest@4d0f2471]" started-at="2023-05-26T17:14:51 IST" name="methodConfig" finished-at="2023-05-26T17:14:56 IST" duration-ms="5104" status="PASS">
          <reporter-output>
          </reporter-output>
        </test-method> <!-- methodConfig -->
        <test-method signature="addToCartTest()[pri:0, instance:testScripts.AddToCartTest@4d0f2471]" started-at="2023-05-26T17:14:56 IST" name="addToCartTest" finished-at="2023-05-26T17:14:59 IST" duration-ms="2841" status="PASS">
          <reporter-output>
          </reporter-output>
        </test-method> <!-- addToCartTest -->
        <test-method is-config="true" signature="methodTearDown()[pri:0, instance:testScripts.AddToCartTest@4d0f2471]" started-at="2023-05-26T17:14:59 IST" name="methodTearDown" finished-at="2023-05-26T17:14:59 IST" duration-ms="225" status="PASS">
          <reporter-output>
          </reporter-output>
        </test-method> <!-- methodTearDown -->
        <test-method is-config="true" signature="classTearDown()[pri:0, instance:testScripts.AddToCartTest@4d0f2471]" started-at="2023-05-26T17:14:59 IST" name="classTearDown" finished-at="2023-05-26T17:14:59 IST" duration-ms="0" status="PASS">
          <reporter-output>
          </reporter-output>
        </test-method> <!-- classTearDown -->
      </class> <!-- testScripts.AddToCartTest -->
      <class name="testScripts.AddTestingCourseToMyCartTest">
        <test-method is-config="true" signature="classConfig()[pri:0, instance:testScripts.AddTestingCourseToMyCartTest@56cdfb3b]" started-at="2023-05-26T17:15:11 IST" name="classConfig" finished-at="2023-05-26T17:15:11 IST" duration-ms="16" status="PASS">
          <reporter-output>
          </reporter-output>
        </test-method> <!-- classConfig -->
        <test-method is-config="true" signature="methodConfig()[pri:0, instance:testScripts.AddTestingCourseToMyCartTest@56cdfb3b]" started-at="2023-05-26T17:15:11 IST" name="methodConfig" finished-at="2023-05-26T17:15:13 IST" duration-ms="2335" status="PASS">
          <reporter-output>
          </reporter-output>
        </test-method> <!-- methodConfig -->
        <test-method signature="addpythonToMyCart()[pri:0, instance:testScripts.AddTestingCourseToMyCartTest@56cdfb3b]" started-at="2023-05-26T17:15:13 IST" name="addpythonToMyCart" finished-at="2023-05-26T17:15:18 IST" duration-ms="4735" status="PASS">
          <reporter-output>
          </reporter-output>
        </test-method> <!-- addpythonToMyCart -->
        <test-method is-config="true" signature="methodTearDown()[pri:0, instance:testScripts.AddTestingCourseToMyCartTest@56cdfb3b]" started-at="2023-05-26T17:15:18 IST" name="methodTearDown" finished-at="2023-05-26T17:15:18 IST" duration-ms="150" status="PASS">
          <reporter-output>
          </reporter-output>
        </test-method> <!-- methodTearDown -->
        <test-method is-config="true" signature="classTearDown()[pri:0, instance:testScripts.AddTestingCourseToMyCartTest@56cdfb3b]" started-at="2023-05-26T17:15:18 IST" name="classTearDown" finished-at="2023-05-26T17:15:18 IST" duration-ms="0" status="PASS">
          <reporter-output>
          </reporter-output>
        </test-method> <!-- classTearDown -->
      </class> <!-- testScripts.AddTestingCourseToMyCartTest -->
    </test> <!-- Test -->
  </suite> <!-- Suite -->
</testng-results>
